05-05-2017 @ 13:17:43 - Starting upgrade to 2.0.0
05-05-2017 @ 13:17:43 - Upgrading settings
05-05-2017 @ 13:17:43 - Settings upgraded
05-05-2017 @ 13:17:43 - 1 user customer IDs updated.
05-05-2017 @ 13:17:43 - Completed upgrade for 2.0.0
05-05-2017 @ 13:47:19 - Starting upgrade to 2.0.0
05-05-2017 @ 13:47:19 - Upgrading settings
05-05-2017 @ 13:47:19 - Settings upgraded
05-05-2017 @ 13:47:19 - Completed upgrade for 2.0.0
05-05-2017 @ 13:48:14 - Starting upgrade to 2.0.0
05-05-2017 @ 13:48:14 - Upgrading settings
05-05-2017 @ 13:48:14 - Settings upgraded
05-05-2017 @ 13:48:14 - Completed upgrade for 2.0.0
05-05-2017 @ 14:03:35 - Starting upgrade to 2.0.0
05-05-2017 @ 14:03:35 - Upgrading settings
05-05-2017 @ 14:03:35 - Settings upgraded
05-05-2017 @ 14:03:35 - 1 user customer IDs updated.
05-05-2017 @ 14:03:35 - Completed upgrade for 2.0.0
05-24-2017 @ 02:42:50 - Starting upgrade to 2.0.0
05-24-2017 @ 02:42:50 - Upgrading settings
05-24-2017 @ 02:42:50 - Settings upgraded
05-24-2017 @ 02:42:50 - 1 user customer IDs updated.
05-24-2017 @ 02:42:50 - Completed upgrade for 2.0.0
05-24-2017 @ 02:45:53 - Updating legacy meta
08-11-2017 @ 19:33:22 - Starting upgrade to 2.0.2
08-11-2017 @ 19:33:22 - Updating missing CSC setting
08-11-2017 @ 19:33:22 - Completed upgrade for 2.0.2
