08-25-2017 @ 17:03:31 - Starting upgrade to 2.0.0
08-25-2017 @ 17:03:31 - Upgrading settings
08-25-2017 @ 17:03:31 - Settings upgraded
08-25-2017 @ 17:03:31 - Updating legacy meta
08-25-2017 @ 17:03:31 - 1 user customer IDs updated.
08-25-2017 @ 17:03:31 - Completed upgrade for 2.0.0
08-25-2017 @ 17:03:31 - Starting upgrade to 2.0.2
08-25-2017 @ 17:03:31 - Completed upgrade for 2.0.2
09-29-2017 @ 17:56:36 - Starting upgrade to 2.0.0
09-29-2017 @ 17:56:36 - Upgrading settings
09-29-2017 @ 17:56:36 - Settings upgraded
09-29-2017 @ 17:56:36 - Updating legacy meta
09-29-2017 @ 17:56:36 - 1 user customer IDs updated.
09-29-2017 @ 17:56:36 - Completed upgrade for 2.0.0
09-29-2017 @ 17:56:36 - Starting upgrade to 2.0.2
09-29-2017 @ 17:56:36 - Completed upgrade for 2.0.2
03-09-2018 @ 01:55:21 - Starting upgrade to 2.0.0
03-09-2018 @ 01:55:21 - Upgrading settings
03-09-2018 @ 01:55:21 - Settings upgraded
03-09-2018 @ 01:55:21 - Updating legacy meta
03-09-2018 @ 01:55:21 - 1 user customer IDs updated.
03-09-2018 @ 01:55:21 - Completed upgrade for 2.0.0
03-09-2018 @ 01:55:21 - Starting upgrade to 2.0.2
03-09-2018 @ 01:55:21 - Completed upgrade for 2.0.2
