2017-08-25T17:05:35+00:00 INFO Queuing 3.0.0 - wc_update_300_webhooks
2017-08-25T17:05:35+00:00 INFO Queuing 3.0.0 - wc_update_300_grouped_products
2017-08-25T17:05:35+00:00 INFO Queuing 3.0.0 - wc_update_300_settings
2017-08-25T17:05:35+00:00 INFO Queuing 3.0.0 - wc_update_300_product_visibility
2017-08-25T17:05:35+00:00 INFO Queuing 3.0.0 - wc_update_300_db_version
2017-08-25T17:05:35+00:00 INFO Queuing 3.1.0 - wc_update_310_downloadable_products
2017-08-25T17:05:35+00:00 INFO Queuing 3.1.0 - wc_update_310_old_comments
2017-08-25T17:05:35+00:00 INFO Queuing 3.1.0 - wc_update_310_db_version
2017-08-25T17:05:35+00:00 INFO Queuing 3.1.2 - wc_update_312_shop_manager_capabilities
2017-08-25T17:05:35+00:00 INFO Queuing 3.1.2 - wc_update_312_db_version
2017-08-25T17:06:51+00:00 INFO Running wc_update_300_webhooks callback
2017-08-25T17:06:51+00:00 INFO Finished wc_update_300_webhooks callback
2017-08-25T17:06:51+00:00 INFO Running wc_update_300_grouped_products callback
2017-08-25T17:06:51+00:00 INFO Finished wc_update_300_grouped_products callback
2017-08-25T17:06:51+00:00 INFO Running wc_update_300_settings callback
2017-08-25T17:06:51+00:00 INFO Finished wc_update_300_settings callback
2017-08-25T17:06:51+00:00 INFO Running wc_update_300_product_visibility callback
2017-08-25T17:06:51+00:00 INFO Finished wc_update_300_product_visibility callback
2017-08-25T17:06:51+00:00 INFO Running wc_update_300_db_version callback
2017-08-25T17:06:51+00:00 INFO Finished wc_update_300_db_version callback
2017-08-25T17:06:51+00:00 INFO Running wc_update_310_downloadable_products callback
2017-08-25T17:06:51+00:00 INFO Finished wc_update_310_downloadable_products callback
2017-08-25T17:06:51+00:00 INFO Running wc_update_310_old_comments callback
2017-08-25T17:06:51+00:00 INFO Finished wc_update_310_old_comments callback
2017-08-25T17:06:51+00:00 INFO Running wc_update_310_db_version callback
2017-08-25T17:06:51+00:00 INFO Finished wc_update_310_db_version callback
2017-08-25T17:06:51+00:00 INFO Running wc_update_312_shop_manager_capabilities callback
2017-08-25T17:06:51+00:00 INFO Finished wc_update_312_shop_manager_capabilities callback
2017-08-25T17:06:51+00:00 INFO Running wc_update_312_db_version callback
2017-08-25T17:06:51+00:00 INFO Finished wc_update_312_db_version callback
2017-08-25T17:06:51+00:00 INFO Data update complete
2017-12-06T14:34:11+00:00 INFO Queuing 3.0.0 - wc_update_300_webhooks
2017-12-06T14:34:11+00:00 INFO Queuing 3.0.0 - wc_update_300_grouped_products
2017-12-06T14:34:11+00:00 INFO Queuing 3.0.0 - wc_update_300_settings
2017-12-06T14:34:11+00:00 INFO Queuing 3.0.0 - wc_update_300_product_visibility
2017-12-06T14:34:11+00:00 INFO Queuing 3.0.0 - wc_update_300_db_version
2017-12-06T14:34:11+00:00 INFO Queuing 3.1.0 - wc_update_310_downloadable_products
2017-12-06T14:34:11+00:00 INFO Queuing 3.1.0 - wc_update_310_old_comments
2017-12-06T14:34:11+00:00 INFO Queuing 3.1.0 - wc_update_310_db_version
2017-12-06T14:34:11+00:00 INFO Queuing 3.1.2 - wc_update_312_shop_manager_capabilities
2017-12-06T14:34:11+00:00 INFO Queuing 3.1.2 - wc_update_312_db_version
2017-12-06T14:34:11+00:00 INFO Queuing 3.2.0 - wc_update_320_mexican_states
2017-12-06T14:34:11+00:00 INFO Queuing 3.2.0 - wc_update_320_db_version
2017-12-06T14:35:19+00:00 INFO Queuing 3.0.0 - wc_update_300_webhooks
2017-12-06T14:35:19+00:00 INFO Queuing 3.0.0 - wc_update_300_grouped_products
2017-12-06T14:35:19+00:00 INFO Queuing 3.0.0 - wc_update_300_settings
2017-12-06T14:35:19+00:00 INFO Queuing 3.0.0 - wc_update_300_product_visibility
2017-12-06T14:35:19+00:00 INFO Queuing 3.0.0 - wc_update_300_db_version
2017-12-06T14:35:19+00:00 INFO Queuing 3.1.0 - wc_update_310_downloadable_products
2017-12-06T14:35:19+00:00 INFO Queuing 3.1.0 - wc_update_310_old_comments
2017-12-06T14:35:19+00:00 INFO Queuing 3.1.0 - wc_update_310_db_version
2017-12-06T14:35:19+00:00 INFO Queuing 3.1.2 - wc_update_312_shop_manager_capabilities
2017-12-06T14:35:19+00:00 INFO Queuing 3.1.2 - wc_update_312_db_version
2017-12-06T14:35:19+00:00 INFO Queuing 3.2.0 - wc_update_320_mexican_states
2017-12-06T14:35:19+00:00 INFO Queuing 3.2.0 - wc_update_320_db_version
2017-12-06T14:35:22+00:00 INFO Queuing 3.0.0 - wc_update_300_webhooks
2017-12-06T14:35:22+00:00 INFO Queuing 3.0.0 - wc_update_300_grouped_products
2017-12-06T14:35:22+00:00 INFO Queuing 3.0.0 - wc_update_300_settings
2017-12-06T14:35:22+00:00 INFO Queuing 3.0.0 - wc_update_300_product_visibility
2017-12-06T14:35:22+00:00 INFO Queuing 3.0.0 - wc_update_300_db_version
2017-12-06T14:35:22+00:00 INFO Queuing 3.1.0 - wc_update_310_downloadable_products
2017-12-06T14:35:22+00:00 INFO Queuing 3.1.0 - wc_update_310_old_comments
2017-12-06T14:35:22+00:00 INFO Queuing 3.1.0 - wc_update_310_db_version
2017-12-06T14:35:22+00:00 INFO Queuing 3.1.2 - wc_update_312_shop_manager_capabilities
2017-12-06T14:35:22+00:00 INFO Queuing 3.1.2 - wc_update_312_db_version
2017-12-06T14:35:22+00:00 INFO Queuing 3.2.0 - wc_update_320_mexican_states
2017-12-06T14:35:22+00:00 INFO Queuing 3.2.0 - wc_update_320_db_version
2018-02-11T18:20:03+00:00 INFO Queuing 3.0.0 - wc_update_300_grouped_products
2018-02-11T18:20:03+00:00 INFO Queuing 3.0.0 - wc_update_300_settings
2018-02-11T18:20:03+00:00 INFO Queuing 3.0.0 - wc_update_300_product_visibility
2018-02-11T18:20:03+00:00 INFO Queuing 3.0.0 - wc_update_300_db_version
2018-02-11T18:20:03+00:00 INFO Queuing 3.1.0 - wc_update_310_downloadable_products
2018-02-11T18:20:03+00:00 INFO Queuing 3.1.0 - wc_update_310_old_comments
2018-02-11T18:20:03+00:00 INFO Queuing 3.1.0 - wc_update_310_db_version
2018-02-11T18:20:03+00:00 INFO Queuing 3.1.2 - wc_update_312_shop_manager_capabilities
2018-02-11T18:20:03+00:00 INFO Queuing 3.1.2 - wc_update_312_db_version
2018-02-11T18:20:03+00:00 INFO Queuing 3.2.0 - wc_update_320_mexican_states
2018-02-11T18:20:03+00:00 INFO Queuing 3.2.0 - wc_update_320_db_version
2018-02-11T18:20:03+00:00 INFO Queuing 3.3.0 - wc_update_330_image_options
2018-02-11T18:20:03+00:00 INFO Queuing 3.3.0 - wc_update_330_webhooks
2018-02-11T18:20:03+00:00 INFO Queuing 3.3.0 - wc_update_330_product_stock_status
2018-02-11T18:20:03+00:00 INFO Queuing 3.3.0 - wc_update_330_set_default_product_cat
2018-02-11T18:20:03+00:00 INFO Queuing 3.3.0 - wc_update_330_clear_transients
2018-02-11T18:20:03+00:00 INFO Queuing 3.3.0 - wc_update_330_set_paypal_sandbox_credentials
2018-02-11T18:20:03+00:00 INFO Queuing 3.3.0 - wc_update_330_db_version
