2017-04-06T02:08:13+00:00 INFO Queuing 3.0.0 - wc_update_300_webhooks
2017-04-06T02:08:13+00:00 INFO Queuing 3.0.0 - wc_update_300_grouped_products
2017-04-06T02:08:13+00:00 INFO Queuing 3.0.0 - wc_update_300_settings
2017-04-06T02:08:13+00:00 INFO Queuing 3.0.0 - wc_update_300_product_visibility
2017-04-06T02:08:13+00:00 INFO Queuing 3.0.0 - wc_update_300_db_version
2017-04-06T02:08:15+00:00 INFO Running wc_update_300_webhooks callback
2017-04-06T02:08:15+00:00 INFO Finished wc_update_300_webhooks callback
2017-04-06T02:08:15+00:00 INFO Running wc_update_300_grouped_products callback
2017-04-06T02:08:15+00:00 INFO Finished wc_update_300_grouped_products callback
2017-04-06T02:08:15+00:00 INFO Running wc_update_300_settings callback
2017-04-06T02:08:15+00:00 INFO Finished wc_update_300_settings callback
2017-04-06T02:08:15+00:00 INFO Running wc_update_300_product_visibility callback
2017-04-06T02:08:15+00:00 INFO Finished wc_update_300_product_visibility callback
2017-04-06T02:08:15+00:00 INFO Running wc_update_300_db_version callback
2017-04-06T02:08:15+00:00 INFO Finished wc_update_300_db_version callback
2017-04-06T02:08:15+00:00 INFO Data update complete
2017-05-05T13:50:49+00:00 INFO Queuing 3.0.0 - wc_update_300_webhooks
2017-05-05T13:50:49+00:00 INFO Queuing 3.0.0 - wc_update_300_grouped_products
2017-05-05T13:50:49+00:00 INFO Queuing 3.0.0 - wc_update_300_settings
2017-05-05T13:50:49+00:00 INFO Queuing 3.0.0 - wc_update_300_product_visibility
2017-05-05T13:50:49+00:00 INFO Queuing 3.0.0 - wc_update_300_db_version
2017-05-05T13:50:50+00:00 INFO Running wc_update_300_webhooks callback
2017-05-05T13:50:50+00:00 INFO Finished wc_update_300_webhooks callback
2017-05-05T13:50:50+00:00 INFO Running wc_update_300_grouped_products callback
2017-05-05T13:50:50+00:00 INFO Finished wc_update_300_grouped_products callback
2017-05-05T13:50:50+00:00 INFO Running wc_update_300_settings callback
2017-05-05T13:50:50+00:00 INFO Finished wc_update_300_settings callback
2017-05-05T13:50:50+00:00 INFO Running wc_update_300_product_visibility callback
2017-05-05T13:50:50+00:00 INFO Finished wc_update_300_product_visibility callback
2017-05-05T13:50:50+00:00 INFO Running wc_update_300_db_version callback
2017-05-05T13:50:50+00:00 INFO Finished wc_update_300_db_version callback
2017-05-05T13:50:50+00:00 INFO Data update complete
2017-05-05T14:05:56+00:00 INFO Queuing 3.0.0 - wc_update_300_webhooks
2017-05-05T14:05:56+00:00 INFO Queuing 3.0.0 - wc_update_300_grouped_products
2017-05-05T14:05:56+00:00 INFO Queuing 3.0.0 - wc_update_300_settings
2017-05-05T14:05:56+00:00 INFO Queuing 3.0.0 - wc_update_300_product_visibility
2017-05-05T14:05:56+00:00 INFO Queuing 3.0.0 - wc_update_300_db_version
2017-05-05T14:05:56+00:00 INFO Running wc_update_300_webhooks callback
2017-05-05T14:05:56+00:00 INFO Finished wc_update_300_webhooks callback
2017-05-05T14:05:56+00:00 INFO Running wc_update_300_grouped_products callback
2017-05-05T14:05:56+00:00 INFO Finished wc_update_300_grouped_products callback
2017-05-05T14:05:56+00:00 INFO Running wc_update_300_settings callback
2017-05-05T14:05:56+00:00 INFO Finished wc_update_300_settings callback
2017-05-05T14:05:56+00:00 INFO Running wc_update_300_product_visibility callback
2017-05-05T14:05:56+00:00 INFO Finished wc_update_300_product_visibility callback
2017-05-05T14:05:56+00:00 INFO Running wc_update_300_db_version callback
2017-05-05T14:05:57+00:00 INFO Finished wc_update_300_db_version callback
2017-05-05T14:05:57+00:00 INFO Data update complete
2017-05-24T02:43:18+00:00 INFO Queuing 3.0.0 - wc_update_300_webhooks
2017-05-24T02:43:18+00:00 INFO Queuing 3.0.0 - wc_update_300_grouped_products
2017-05-24T02:43:18+00:00 INFO Queuing 3.0.0 - wc_update_300_settings
2017-05-24T02:43:18+00:00 INFO Queuing 3.0.0 - wc_update_300_product_visibility
2017-05-24T02:43:18+00:00 INFO Queuing 3.0.0 - wc_update_300_db_version
2017-05-24T02:43:19+00:00 INFO Running wc_update_300_webhooks callback
2017-05-24T02:43:19+00:00 INFO Finished wc_update_300_webhooks callback
2017-05-24T02:43:19+00:00 INFO Running wc_update_300_grouped_products callback
2017-05-24T02:43:19+00:00 INFO Finished wc_update_300_grouped_products callback
2017-05-24T02:43:19+00:00 INFO Running wc_update_300_settings callback
2017-05-24T02:43:19+00:00 INFO Finished wc_update_300_settings callback
2017-05-24T02:43:19+00:00 INFO Running wc_update_300_product_visibility callback
2017-05-24T02:43:19+00:00 INFO Finished wc_update_300_product_visibility callback
2017-05-24T02:43:19+00:00 INFO Running wc_update_300_db_version callback
2017-05-24T02:43:19+00:00 INFO Finished wc_update_300_db_version callback
2017-05-24T02:43:19+00:00 INFO Data update complete
2017-08-11T19:33:30+00:00 INFO Queuing 3.1.0 - wc_update_310_downloadable_products
2017-08-11T19:33:30+00:00 INFO Queuing 3.1.0 - wc_update_310_old_comments
2017-08-11T19:33:30+00:00 INFO Queuing 3.1.0 - wc_update_310_db_version
2017-08-11T19:33:31+00:00 INFO Running wc_update_310_downloadable_products callback
2017-08-11T19:33:31+00:00 INFO Finished wc_update_310_downloadable_products callback
2017-08-11T19:33:31+00:00 INFO Running wc_update_310_old_comments callback
2017-08-11T19:33:31+00:00 INFO Finished wc_update_310_old_comments callback
2017-08-11T19:33:31+00:00 INFO Running wc_update_310_db_version callback
2017-08-11T19:33:31+00:00 INFO Finished wc_update_310_db_version callback
2017-08-11T19:33:31+00:00 INFO Data update complete
